update-alternatives 2025-09-02 23:03:58: run with --install /etc/mysql/my.cnf my.cnf /etc/mysql/my.cnf.fallback 100
update-alternatives 2025-09-02 23:03:58: link group my.cnf updated to point to /etc/mysql/my.cnf.fallback
update-alternatives 2025-09-03 22:21:15: run with --install /usr/bin/x-www-browser x-www-browser /usr/bin/brave-browser-stable 201
update-alternatives 2025-09-03 22:21:15: link group x-www-browser updated to point to /usr/bin/brave-browser-stable
update-alternatives 2025-09-03 22:21:15: run with --install /usr/bin/gnome-www-browser gnome-www-browser /usr/bin/brave-browser-stable 201
update-alternatives 2025-09-03 22:21:15: link group gnome-www-browser updated to point to /usr/bin/brave-browser-stable
update-alternatives 2025-09-03 22:21:15: run with --install /usr/bin/brave-browser brave-browser /usr/bin/brave-browser-stable 201
update-alternatives 2025-09-03 22:21:15: link group brave-browser updated to point to /usr/bin/brave-browser-stable
update-alternatives 2025-09-04 03:33:40: run with --quiet --install /usr/bin/wine wine /usr/bin/wine-stable 70 --slave /usr/bin/wineserver wineserver /usr/bin/wineserver-stable --slave /usr/share/man/man1/wineserver.1.gz wineserver.1.gz /usr/share/man/man1/wineserver-stable.1.gz --slave /usr/bin/msiexec msiexec /usr/bin/msiexec-stable --slave /usr/share/man/man1/msiexec.1.gz msiexec.1.gz /usr/share/man/man1/msiexec-stable.1.gz --slave /usr/bin/regedit regedit /usr/bin/regedit-stable --slave /usr/share/man/man1/regedit.1.gz regedit.1.gz /usr/share/man/man1/regedit-stable.1.gz --slave /usr/bin/winecfg winecfg /usr/bin/winecfg-stable --slave /usr/share/man/man1/winecfg.1.gz winecfg.1.gz /usr/share/man/man1/winecfg-stable.1.gz --slave /usr/bin/winedbg winedbg /usr/bin/winedbg-stable --slave /usr/share/man/man1/winedbg.1.gz winedbg.1.gz /usr/share/man/man1/winedbg-stable.1.gz --slave /usr/bin/wineboot wineboot /usr/bin/wineboot-stable --slave /usr/share/man/man1/wineboot.1.gz wineboot.1.gz /usr/share/man/man1/wineboot-stable.1.gz --slave /usr/bin/winefile winefile /usr/bin/winefile-stable --slave /usr/share/man/man1/winefile.1.gz winefile.1.gz /usr/share/man/man1/winefile-stable.1.gz --slave /usr/bin/winepath winepath /usr/bin/winepath-stable --slave /usr/share/man/man1/winepath.1.gz winepath.1.gz /usr/share/man/man1/winepath-stable.1.gz --slave /usr/bin/regsvr32 regsvr32 /usr/bin/regsvr32-stable --slave /usr/share/man/man1/regsvr32.1.gz regsvr32.1.gz /usr/share/man/man1/regsvr32-stable.1.gz --slave /usr/bin/wineconsole wineconsole /usr/bin/wineconsole-stable --slave /usr/share/man/man1/wineconsole.1.gz wineconsole.1.gz /usr/share/man/man1/wineconsole-stable.1.gz --slave /usr/bin/wmc wmc /usr/bin/wmc-stable --slave /usr/share/man/man1/wmc.1.gz wmc.1.gz /usr/share/man/man1/wmc-stable.1.gz --slave /usr/bin/wrc wrc /usr/bin/wrc-stable --slave /usr/share/man/man1/wrc.1.gz wrc.1.gz /usr/share/man/man1/wrc-stable.1.gz --slave /usr/bin/widl widl /usr/bin/widl-stable --slave /usr/share/man/man1/widl.1.gz widl.1.gz /usr/share/man/man1/widl-stable.1.gz --slave
update-alternatives 2025-09-04 03:33:40: link group wine updated to point to /usr/bin/wine-stable
update-alternatives 2025-09-04 12:24:23: run with --install /usr/bin/x-www-browser x-www-browser /usr/bin/google-chrome-stable 200
update-alternatives 2025-09-04 12:24:23: run with --install /usr/bin/gnome-www-browser gnome-www-browser /usr/bin/google-chrome-stable 200
update-alternatives 2025-09-04 12:24:23: run with --install /usr/bin/google-chrome google-chrome /usr/bin/google-chrome-stable 200
update-alternatives 2025-09-04 12:24:24: run with --install /usr/bin/x-www-browser x-www-browser /usr/bin/opera 120 --slave /usr/share/man/man1/x-www-browser.1.gz x-www-browser.1.gz /usr/share/man/man1/opera.1.gz
update-alternatives 2025-09-04 12:24:24: run with --install /usr/bin/gnome-www-browser gnome-www-browser /usr/bin/opera 120 --slave /usr/share/man/man1/gnome-www-browser.1.gz gnome-www-browser.1.gz /usr/share/man/man1/opera.1.gz
update-alternatives 2025-09-13 23:06:45: run with --install /usr/bin/x-www-browser x-www-browser /usr/bin/google-chrome-stable 200
update-alternatives 2025-09-13 23:06:45: run with --install /usr/bin/gnome-www-browser gnome-www-browser /usr/bin/google-chrome-stable 200
update-alternatives 2025-09-13 23:06:45: run with --install /usr/bin/google-chrome google-chrome /usr/bin/google-chrome-stable 200
update-alternatives 2025-09-13 23:06:45: run with --install /usr/bin/x-www-browser x-www-browser /usr/bin/opera 120 --slave /usr/share/man/man1/x-www-browser.1.gz x-www-browser.1.gz /usr/share/man/man1/opera.1.gz
update-alternatives 2025-09-13 23:06:45: run with --install /usr/bin/gnome-www-browser gnome-www-browser /usr/bin/opera 120 --slave /usr/share/man/man1/gnome-www-browser.1.gz gnome-www-browser.1.gz /usr/share/man/man1/opera.1.gz
update-alternatives 2025-09-13 23:06:46: run with --install /usr/bin/x-www-browser x-www-browser /usr/bin/brave-browser-stable 201
update-alternatives 2025-09-13 23:06:46: run with --install /usr/bin/gnome-www-browser gnome-www-browser /usr/bin/brave-browser-stable 201
update-alternatives 2025-09-13 23:06:46: run with --install /usr/bin/brave-browser brave-browser /usr/bin/brave-browser-stable 201
update-alternatives 2025-09-14 22:25:55: run with --install /usr/bin/automake automake /usr/bin/automake-1.16 34 --slave /usr/bin/aclocal aclocal /usr/bin/aclocal-1.16 --slave /usr/share/man/man1/automake.1.gz automake.1.gz /usr/share/man/man1/automake-1.16.1.gz --slave /usr/share/man/man1/aclocal.1.gz aclocal.1.gz /usr/share/man/man1/aclocal-1.16.1.gz
update-alternatives 2025-09-14 22:25:55: link group automake updated to point to /usr/bin/automake-1.16
update-alternatives 2025-09-15 00:57:23: run with --quiet --remove nodejs /usr/bin/node
update-alternatives 2025-09-15 00:57:23: link group nodejs fully removed
update-alternatives 2025-09-15 00:57:41: run with --quiet --install /usr/bin/nodejs nodejs /usr/bin/node 50 --slave /usr/share/man/man1/nodejs.1.gz nodejs.1.gz /usr/share/man/man1/node.1.gz
update-alternatives 2025-09-15 00:57:41: link group nodejs updated to point to /usr/bin/node
