
20250915 14:42:46 T-Rex NVIDIA GPU miner v0.26.8  -  [Linux]
20250915 14:42:46 r.104788c2d052
20250915 14:42:46 
20250915 14:43:02 WARN: WATCHDOG: T-Rex has a problem with GPU, terminating...
20250915 14:43:04 WARN: WATCHDOG: recovering T-Rex
20250915 14:43:27 T-Rex NVIDIA GPU miner v0.26.8  -  [Linux]
20250915 14:43:27 r.104788c2d052
20250915 14:43:27 
20250915 14:43:39 WARN: WATCHDOG: T-Rex has a problem with GPU, terminating...
20250915 14:43:43 WARN: WATCHDOG: recovering T-Rex
20250915 14:43:50 WARN: WATCHDOG: garbage in pipe detected...
20250915 14:43:50 WARN: WATCHDOG: garbage in pipe detected...
20250915 14:43:50 WARN: WATCHDOG: garbage in pipe detected...
20250915 14:43:50 WARN: WATCHDOG: garbage in pipe detected...
20250915 14:43:50 WARN: WATCHDOG: garbage in pipe detected...
20250915 14:43:50 WARN: WATCHDOG: garbage in pipe detected...
20250915 14:43:50 WARN: WATCHDOG: garbage in pipe detected...
20250915 14:43:50 WARN: WATCHDOG: garbage in pipe detected...
20250915 14:44:14 T-Rex NVIDIA GPU miner v0.26.8  -  [Linux]
20250915 14:44:14 r.104788c2d052
20250915 14:44:14 
