
20250915 14:25:39 T-Rex NVIDIA GPU miner v0.26.8  -  [Linux]
20250915 14:25:39 r.104788c2d052
20250915 14:25:39 
20250915 14:25:39 
20250915 14:25:39 NVIDIA Driver v535.261.03
20250915 14:25:39 
20250915 14:25:39 + GPU #0: [00:01.0|1b81] GeForce GTX 1070, 8105 MB
20250915 14:25:39 
20250915 14:25:39 WARN: DevFee 1% (kawpow)
20250915 14:25:39 
20250915 14:25:39 URL : stratum+tcp://pool.woolypooly.com:55555
20250915 14:25:39 USER: RMEysgjtWkzDV6xqc6i7taRu3FnXyPQLp3.gpu-thinker-5
20250915 14:25:39 PASS: x
20250915 14:25:39 
20250915 14:25:39 Starting on: pool.woolypooly.com:55555
20250915 14:25:39 Using protocol: stratum3.
20250915 14:25:39 Extranonce is set to: 439b
20250915 14:25:39 Authorizing...
20250915 14:25:39 Authorized successfully.
20250915 14:25:39 WARN: ApiServer: failed to bind socket 127.0.0.1:4067 (Address already in use), next try in 5 seconds.
20250915 14:25:39 kawpow epoch: 536, block: 4021322, period: 1340440, diff: 858.98 M
20250915 14:25:39 ApiServer: HTTP server started on 127.0.0.1:4067
20250915 14:25:39 ---------------------------------------------------
20250915 14:25:39 For control navigate to: http://127.0.0.1:4067/trex
20250915 14:25:39 ---------------------------------------------------
20250915 14:25:39 GPU #0: intensity 16
20250915 14:25:43 TREX: Can't find nonce with device [ID=0, GPU #0], cuda exception: CUDA_ERROR_OUT_OF_MEMORY
20250915 14:25:43 WARN: Miner is going to shutdown...
20250915 14:25:43 Main loop finished. Cleaning up resources...
20250915 14:25:44 T-Rex finished.
20250915 14:25:45 WARN: WATCHDOG: T-Rex does not exist anymore, restarting...
20250915 14:25:45 T-Rex NVIDIA GPU miner v0.26.8  -  [Linux]
20250915 14:25:45 r.104788c2d052
20250915 14:25:45 
20250915 14:25:45 
20250915 14:25:45 NVIDIA Driver v535.261.03
20250915 14:25:45 
20250915 14:25:45 + GPU #0: [00:01.0|1b81] GeForce GTX 1070, 8105 MB
20250915 14:25:45 
20250915 14:25:45 WARN: DevFee 1% (kawpow)
20250915 14:25:45 
20250915 14:25:45 URL : stratum+tcp://pool.woolypooly.com:55555
20250915 14:25:45 USER: RMEysgjtWkzDV6xqc6i7taRu3FnXyPQLp3.gpu-thinker-5
20250915 14:25:45 PASS: x
20250915 14:25:45 
20250915 14:25:45 Starting on: pool.woolypooly.com:55555
20250915 14:25:45 Using protocol: stratum3.
20250915 14:25:45 Extranonce is set to: 43a5
20250915 14:25:45 Authorizing...
20250915 14:25:45 Authorized successfully.
20250915 14:25:46 kawpow epoch: 536, block: 4021322, period: 1340440, diff: 858.98 M
20250915 14:25:46 WARN: ApiServer: failed to bind socket 127.0.0.1:4067 (Address already in use), next try in 5 seconds.
20250915 14:25:46 ApiServer: HTTP server started on 127.0.0.1:4067
20250915 14:25:46 ---------------------------------------------------
20250915 14:25:46 For control navigate to: http://127.0.0.1:4067/trex
20250915 14:25:46 ---------------------------------------------------
20250915 14:25:46 GPU #0: intensity 16
20250915 14:25:49 TREX: Can't find nonce with device [ID=0, GPU #0], cuda exception: CUDA_ERROR_OUT_OF_MEMORY
20250915 14:25:49 WARN: Miner is going to shutdown...
20250915 14:25:50 Main loop finished. Cleaning up resources...
20250915 14:25:52 T-Rex finished.
20250915 14:25:53 WARN: WATCHDOG: T-Rex does not exist anymore, restarting...
20250915 14:25:53 T-Rex NVIDIA GPU miner v0.26.8  -  [Linux]
20250915 14:25:53 r.104788c2d052
20250915 14:25:53 
20250915 14:25:53 
20250915 14:25:53 NVIDIA Driver v535.261.03
20250915 14:25:53 
20250915 14:25:53 + GPU #0: [00:01.0|1b81] GeForce GTX 1070, 8105 MB
20250915 14:25:53 
20250915 14:25:53 WARN: DevFee 1% (kawpow)
20250915 14:25:53 
20250915 14:25:53 URL : stratum+tcp://pool.woolypooly.com:55555
20250915 14:25:53 USER: RMEysgjtWkzDV6xqc6i7taRu3FnXyPQLp3.gpu-thinker-5
20250915 14:25:53 PASS: x
20250915 14:25:53 
20250915 14:25:53 Starting on: pool.woolypooly.com:55555
20250915 14:25:53 Using protocol: stratum3.
20250915 14:25:53 Extranonce is set to: 43b0
20250915 14:25:53 Authorizing...
20250915 14:25:54 Authorized successfully.
20250915 14:25:54 WARN: ApiServer: failed to bind socket 127.0.0.1:4067 (Address already in use), next try in 5 seconds.
20250915 14:25:54 kawpow epoch: 536, block: 4021322, period: 1340440, diff: 858.98 M
20250915 14:25:54 ApiServer: HTTP server started on 127.0.0.1:4067
20250915 14:25:54 ---------------------------------------------------
20250915 14:25:54 For control navigate to: http://127.0.0.1:4067/trex
20250915 14:25:54 ---------------------------------------------------
20250915 14:25:54 GPU #0: intensity 16
20250915 14:25:58 TREX: Can't find nonce with device [ID=0, GPU #0], cuda exception: CUDA_ERROR_OUT_OF_MEMORY
20250915 14:25:58 WARN: Miner is going to shutdown...
20250915 14:25:58 Main loop finished. Cleaning up resources...
20250915 14:25:59 T-Rex finished.
20250915 14:26:00 WARN: WATCHDOG: T-Rex does not exist anymore, restarting...
20250915 14:26:01 T-Rex NVIDIA GPU miner v0.26.8  -  [Linux]
20250915 14:26:01 r.104788c2d052
20250915 14:26:01 
20250915 14:26:01 
20250915 14:26:01 NVIDIA Driver v535.261.03
20250915 14:26:01 
20250915 14:26:01 + GPU #0: [00:01.0|1b81] GeForce GTX 1070, 8105 MB
20250915 14:26:01 
20250915 14:26:01 WARN: DevFee 1% (kawpow)
20250915 14:26:01 
20250915 14:26:01 URL : stratum+tcp://pool.woolypooly.com:55555
20250915 14:26:01 USER: RMEysgjtWkzDV6xqc6i7taRu3FnXyPQLp3.gpu-thinker-5
20250915 14:26:01 PASS: x
20250915 14:26:01 
20250915 14:26:01 Starting on: pool.woolypooly.com:55555
20250915 14:26:01 Using protocol: stratum3.
20250915 14:26:01 Extranonce is set to: 43ba
20250915 14:26:01 Authorizing...
20250915 14:26:01 Authorized successfully.
20250915 14:26:01 WARN: ApiServer: failed to bind socket 127.0.0.1:4067 (Address already in use), next try in 5 seconds.
20250915 14:26:01 ApiServer: HTTP server started on 127.0.0.1:4067
20250915 14:26:01 kawpow epoch: 536, block: 4021322, period: 1340440, diff: 858.98 M
20250915 14:26:01 ---------------------------------------------------
20250915 14:26:01 For control navigate to: http://127.0.0.1:4067/trex
20250915 14:26:01 ---------------------------------------------------
20250915 14:26:01 GPU #0: intensity 16
20250915 14:26:05 TREX: Can't find nonce with device [ID=0, GPU #0], cuda exception: CUDA_ERROR_OUT_OF_MEMORY
20250915 14:26:05 WARN: Miner is going to shutdown...
20250915 14:26:06 Main loop finished. Cleaning up resources...
20250915 14:26:07 T-Rex finished.
20250915 14:26:08 WARN: WATCHDOG: T-Rex does not exist anymore, restarting...
20250915 14:26:08 T-Rex NVIDIA GPU miner v0.26.8  -  [Linux]
20250915 14:26:08 r.104788c2d052
20250915 14:26:08 
20250915 14:26:08 
20250915 14:26:08 NVIDIA Driver v535.261.03
20250915 14:26:08 
20250915 14:26:08 + GPU #0: [00:01.0|1b81] GeForce GTX 1070, 8105 MB
20250915 14:26:08 
20250915 14:26:08 WARN: DevFee 1% (kawpow)
20250915 14:26:08 
20250915 14:26:08 URL : stratum+tcp://pool.woolypooly.com:55555
20250915 14:26:08 USER: RMEysgjtWkzDV6xqc6i7taRu3FnXyPQLp3.gpu-thinker-5
20250915 14:26:08 PASS: x
20250915 14:26:08 
20250915 14:26:08 Starting on: pool.woolypooly.com:55555
20250915 14:26:08 Using protocol: stratum3.
20250915 14:26:08 Extranonce is set to: 43c4
20250915 14:26:08 Authorizing...
20250915 14:26:08 Authorized successfully.
20250915 14:26:08 WARN: ApiServer: failed to bind socket 127.0.0.1:4067 (Address already in use), next try in 5 seconds.
20250915 14:26:08 kawpow epoch: 536, block: 4021322, period: 1340440, diff: 858.98 M
20250915 14:26:08 ApiServer: HTTP server started on 127.0.0.1:4067
20250915 14:26:08 ---------------------------------------------------
20250915 14:26:08 For control navigate to: http://127.0.0.1:4067/trex
20250915 14:26:08 ---------------------------------------------------
20250915 14:26:09 GPU #0: intensity 16
20250915 14:26:13 TREX: Can't find nonce with device [ID=0, GPU #0], cuda exception: CUDA_ERROR_OUT_OF_MEMORY
20250915 14:26:13 WARN: Miner is going to shutdown...
20250915 14:26:13 Main loop finished. Cleaning up resources...
20250915 14:26:15 T-Rex finished.
20250915 14:26:16 WARN: WATCHDOG: T-Rex does not exist anymore, restarting...
20250915 14:26:16 T-Rex NVIDIA GPU miner v0.26.8  -  [Linux]
20250915 14:26:16 r.104788c2d052
20250915 14:26:16 
20250915 14:26:16 
20250915 14:26:16 NVIDIA Driver v535.261.03
20250915 14:26:16 
20250915 14:26:16 + GPU #0: [00:01.0|1b81] GeForce GTX 1070, 8105 MB
20250915 14:26:16 
20250915 14:26:16 WARN: DevFee 1% (kawpow)
20250915 14:26:16 
20250915 14:26:16 URL : stratum+tcp://pool.woolypooly.com:55555
20250915 14:26:16 USER: RMEysgjtWkzDV6xqc6i7taRu3FnXyPQLp3.gpu-thinker-5
20250915 14:26:16 PASS: x
20250915 14:26:16 
20250915 14:26:16 Starting on: pool.woolypooly.com:55555
20250915 14:26:16 Using protocol: stratum3.
20250915 14:26:16 Extranonce is set to: 43ce
20250915 14:26:16 Authorizing...
20250915 14:26:16 Authorized successfully.
20250915 14:26:17 WARN: ApiServer: failed to bind socket 127.0.0.1:4067 (Address already in use), next try in 5 seconds.
20250915 14:26:17 kawpow epoch: 536, block: 4021322, period: 1340440, diff: 858.98 M
20250915 14:26:17 ApiServer: HTTP server started on 127.0.0.1:4067
20250915 14:26:17 ---------------------------------------------------
20250915 14:26:17 For control navigate to: http://127.0.0.1:4067/trex
20250915 14:26:17 ---------------------------------------------------
20250915 14:26:17 GPU #0: intensity 16
20250915 14:26:21 TREX: Can't find nonce with device [ID=0, GPU #0], cuda exception: CUDA_ERROR_OUT_OF_MEMORY
20250915 14:26:21 WARN: Miner is going to shutdown...
20250915 14:26:21 Main loop finished. Cleaning up resources...
