
20250915 14:25:35 T-Rex NVIDIA GPU miner v0.26.8  -  [Linux]
20250915 14:25:35 r.104788c2d052
20250915 14:25:35 
20250915 14:25:35 
20250915 14:25:35 NVIDIA Driver v535.261.03
20250915 14:25:35 
20250915 14:25:35 + GPU #0: [00:01.0|1b81] GeForce GTX 1070, 8105 MB
20250915 14:25:35 
20250915 14:25:35 WARN: DevFee 1% (kawpow)
20250915 14:25:35 
20250915 14:25:35 URL : stratum+tcp://pool.woolypooly.com:55555
20250915 14:25:35 USER: RMEysgjtWkzDV6xqc6i7taRu3FnXyPQLp3.gpu-thinker-1
20250915 14:25:35 PASS: x
20250915 14:25:35 
20250915 14:25:35 Starting on: pool.woolypooly.com:55555
20250915 14:25:35 Using protocol: stratum3.
20250915 14:25:35 Extranonce is set to: 4397
20250915 14:25:35 Authorizing...
20250915 14:25:35 Authorized successfully.
20250915 14:25:35 WARN: ApiServer: failed to bind socket 127.0.0.1:4067 (Address already in use), next try in 5 seconds.
20250915 14:25:35 kawpow epoch: 536, block: 4021322, period: 1340440, diff: 858.98 M
20250915 14:25:35 ApiServer: HTTP server started on 127.0.0.1:4067
20250915 14:25:35 ---------------------------------------------------
20250915 14:25:35 For control navigate to: http://127.0.0.1:4067/trex
20250915 14:25:35 ---------------------------------------------------
20250915 14:25:35 GPU #0: intensity 16
20250915 14:25:38 TREX: Can't find nonce with device [ID=0, GPU #0], cuda exception: CUDA_ERROR_OUT_OF_MEMORY
20250915 14:25:38 WARN: Miner is going to shutdown...
20250915 14:25:38 Main loop finished. Cleaning up resources...
20250915 14:25:40 T-Rex finished.
20250915 14:25:41 WARN: WATCHDOG: T-Rex does not exist anymore, restarting...
20250915 14:25:41 T-Rex NVIDIA GPU miner v0.26.8  -  [Linux]
20250915 14:25:41 r.104788c2d052
20250915 14:25:41 
20250915 14:25:41 
20250915 14:25:41 NVIDIA Driver v535.261.03
20250915 14:25:41 
20250915 14:25:41 + GPU #0: [00:01.0|1b81] GeForce GTX 1070, 8105 MB
20250915 14:25:41 
20250915 14:25:41 WARN: DevFee 1% (kawpow)
20250915 14:25:41 
20250915 14:25:41 URL : stratum+tcp://pool.woolypooly.com:55555
20250915 14:25:41 USER: RMEysgjtWkzDV6xqc6i7taRu3FnXyPQLp3.gpu-thinker-1
20250915 14:25:41 PASS: x
20250915 14:25:41 
20250915 14:25:41 Starting on: pool.woolypooly.com:55555
20250915 14:25:41 Using protocol: stratum3.
20250915 14:25:41 Extranonce is set to: 439e
20250915 14:25:41 Authorizing...
20250915 14:25:41 Authorized successfully.
20250915 14:25:41 WARN: ApiServer: failed to bind socket 127.0.0.1:4067 (Address already in use), next try in 5 seconds.
20250915 14:25:41 ApiServer: HTTP server started on 127.0.0.1:4067
20250915 14:25:41 kawpow epoch: 536, block: 4021322, period: 1340440, diff: 858.98 M
20250915 14:25:41 ---------------------------------------------------
20250915 14:25:41 For control navigate to: http://127.0.0.1:4067/trex
20250915 14:25:41 ---------------------------------------------------
20250915 14:25:41 GPU #0: intensity 16
20250915 14:25:45 TREX: Can't find nonce with device [ID=0, GPU #0], cuda exception: CUDA_ERROR_OUT_OF_MEMORY
20250915 14:25:45 WARN: Miner is going to shutdown...
20250915 14:25:46 Main loop finished. Cleaning up resources...
20250915 14:25:47 T-Rex finished.
20250915 14:25:48 WARN: WATCHDOG: T-Rex does not exist anymore, restarting...
20250915 14:25:48 T-Rex NVIDIA GPU miner v0.26.8  -  [Linux]
20250915 14:25:48 r.104788c2d052
20250915 14:25:48 
20250915 14:25:48 
20250915 14:25:48 NVIDIA Driver v535.261.03
20250915 14:25:48 
20250915 14:25:48 + GPU #0: [00:01.0|1b81] GeForce GTX 1070, 8105 MB
20250915 14:25:48 
20250915 14:25:48 WARN: DevFee 1% (kawpow)
20250915 14:25:48 
20250915 14:25:48 URL : stratum+tcp://pool.woolypooly.com:55555
20250915 14:25:48 USER: RMEysgjtWkzDV6xqc6i7taRu3FnXyPQLp3.gpu-thinker-1
20250915 14:25:48 PASS: x
20250915 14:25:48 
20250915 14:25:48 Starting on: pool.woolypooly.com:55555
20250915 14:25:48 Using protocol: stratum3.
20250915 14:25:48 Extranonce is set to: 43a9
20250915 14:25:48 Authorizing...
20250915 14:25:48 Authorized successfully.
20250915 14:25:49 WARN: ApiServer: failed to bind socket 127.0.0.1:4067 (Address already in use), next try in 5 seconds.
20250915 14:25:49 kawpow epoch: 536, block: 4021322, period: 1340440, diff: 858.98 M
20250915 14:25:49 ApiServer: HTTP server started on 127.0.0.1:4067
20250915 14:25:49 ---------------------------------------------------
20250915 14:25:49 For control navigate to: http://127.0.0.1:4067/trex
20250915 14:25:49 ---------------------------------------------------
20250915 14:25:49 GPU #0: intensity 16
20250915 14:25:53 TREX: Can't find nonce with device [ID=0, GPU #0], cuda exception: CUDA_ERROR_OUT_OF_MEMORY
20250915 14:25:53 WARN: Miner is going to shutdown...
20250915 14:25:53 Main loop finished. Cleaning up resources...
20250915 14:25:54 T-Rex finished.
20250915 14:25:55 WARN: WATCHDOG: T-Rex does not exist anymore, restarting...
20250915 14:25:56 T-Rex NVIDIA GPU miner v0.26.8  -  [Linux]
20250915 14:25:56 r.104788c2d052
20250915 14:25:56 
20250915 14:25:56 
20250915 14:25:56 NVIDIA Driver v535.261.03
20250915 14:25:56 
20250915 14:25:56 + GPU #0: [00:01.0|1b81] GeForce GTX 1070, 8105 MB
20250915 14:25:56 
20250915 14:25:56 WARN: DevFee 1% (kawpow)
20250915 14:25:56 
20250915 14:25:56 URL : stratum+tcp://pool.woolypooly.com:55555
20250915 14:25:56 USER: RMEysgjtWkzDV6xqc6i7taRu3FnXyPQLp3.gpu-thinker-1
20250915 14:25:56 PASS: x
20250915 14:25:56 
20250915 14:25:56 Starting on: pool.woolypooly.com:55555
20250915 14:25:56 Using protocol: stratum3.
20250915 14:25:56 Extranonce is set to: 43b3
20250915 14:25:56 Authorizing...
20250915 14:25:56 Authorized successfully.
20250915 14:25:56 WARN: ApiServer: failed to bind socket 127.0.0.1:4067 (Address already in use), next try in 5 seconds.
20250915 14:25:56 ApiServer: HTTP server started on 127.0.0.1:4067
20250915 14:25:56 kawpow epoch: 536, block: 4021322, period: 1340440, diff: 858.98 M
20250915 14:25:56 ---------------------------------------------------
20250915 14:25:56 For control navigate to: http://127.0.0.1:4067/trex
20250915 14:25:56 ---------------------------------------------------
20250915 14:25:56 GPU #0: intensity 16
20250915 14:26:00 TREX: Can't find nonce with device [ID=0, GPU #0], cuda exception: CUDA_ERROR_OUT_OF_MEMORY
20250915 14:26:00 WARN: Miner is going to shutdown...
20250915 14:26:00 Main loop finished. Cleaning up resources...
20250915 14:26:02 T-Rex finished.
20250915 14:26:03 WARN: WATCHDOG: T-Rex does not exist anymore, restarting...
20250915 14:26:03 T-Rex NVIDIA GPU miner v0.26.8  -  [Linux]
20250915 14:26:03 r.104788c2d052
20250915 14:26:03 
20250915 14:26:03 
20250915 14:26:03 NVIDIA Driver v535.261.03
20250915 14:26:03 
20250915 14:26:03 + GPU #0: [00:01.0|1b81] GeForce GTX 1070, 8105 MB
20250915 14:26:03 
20250915 14:26:03 WARN: DevFee 1% (kawpow)
20250915 14:26:03 
20250915 14:26:03 URL : stratum+tcp://pool.woolypooly.com:55555
20250915 14:26:03 USER: RMEysgjtWkzDV6xqc6i7taRu3FnXyPQLp3.gpu-thinker-1
20250915 14:26:03 PASS: x
20250915 14:26:03 
20250915 14:26:03 Starting on: pool.woolypooly.com:55555
20250915 14:26:03 Using protocol: stratum3.
20250915 14:26:03 Extranonce is set to: 43bd
20250915 14:26:03 Authorizing...
20250915 14:26:03 Authorized successfully.
20250915 14:26:03 WARN: ApiServer: failed to bind socket 127.0.0.1:4067 (Address already in use), next try in 5 seconds.
20250915 14:26:03 ApiServer: HTTP server started on 127.0.0.1:4067
20250915 14:26:03 ---------------------------------------------------
20250915 14:26:03 For control navigate to: http://127.0.0.1:4067/trex
20250915 14:26:03 ---------------------------------------------------
20250915 14:26:03 kawpow epoch: 536, block: 4021322, period: 1340440, diff: 858.98 M
20250915 14:26:03 GPU #0: intensity 16
20250915 14:26:07 TREX: Can't find nonce with device [ID=0, GPU #0], cuda exception: CUDA_ERROR_OUT_OF_MEMORY
20250915 14:26:07 WARN: Miner is going to shutdown...
20250915 14:26:07 Main loop finished. Cleaning up resources...
20250915 14:26:09 T-Rex finished.
20250915 14:26:10 WARN: WATCHDOG: T-Rex does not exist anymore, restarting...
20250915 14:26:10 T-Rex NVIDIA GPU miner v0.26.8  -  [Linux]
20250915 14:26:10 r.104788c2d052
20250915 14:26:10 
20250915 14:26:10 
20250915 14:26:10 NVIDIA Driver v535.261.03
20250915 14:26:10 
20250915 14:26:10 + GPU #0: [00:01.0|1b81] GeForce GTX 1070, 8105 MB
20250915 14:26:10 
20250915 14:26:10 WARN: DevFee 1% (kawpow)
20250915 14:26:10 
20250915 14:26:10 URL : stratum+tcp://pool.woolypooly.com:55555
20250915 14:26:10 USER: RMEysgjtWkzDV6xqc6i7taRu3FnXyPQLp3.gpu-thinker-1
20250915 14:26:10 PASS: x
20250915 14:26:10 
20250915 14:26:10 Starting on: pool.woolypooly.com:55555
20250915 14:26:10 Using protocol: stratum3.
20250915 14:26:10 Extranonce is set to: 43c7
20250915 14:26:10 Authorizing...
20250915 14:26:10 Authorized successfully.
20250915 14:26:11 WARN: ApiServer: failed to bind socket 127.0.0.1:4067 (Address already in use), next try in 5 seconds.
20250915 14:26:11 kawpow epoch: 536, block: 4021322, period: 1340440, diff: 858.98 M
20250915 14:26:11 ApiServer: HTTP server started on 127.0.0.1:4067
20250915 14:26:11 ---------------------------------------------------
20250915 14:26:11 For control navigate to: http://127.0.0.1:4067/trex
20250915 14:26:11 ---------------------------------------------------
20250915 14:26:11 GPU #0: intensity 16
20250915 14:26:14 TREX: Can't find nonce with device [ID=0, GPU #0], cuda exception: CUDA_ERROR_OUT_OF_MEMORY
20250915 14:26:14 WARN: Miner is going to shutdown...
20250915 14:26:15 Main loop finished. Cleaning up resources...
20250915 14:26:16 T-Rex finished.
20250915 14:26:17 WARN: WATCHDOG: T-Rex does not exist anymore, restarting...
20250915 14:26:17 T-Rex NVIDIA GPU miner v0.26.8  -  [Linux]
20250915 14:26:17 r.104788c2d052
20250915 14:26:17 
20250915 14:26:17 
20250915 14:26:17 NVIDIA Driver v535.261.03
20250915 14:26:17 
20250915 14:26:17 + GPU #0: [00:01.0|1b81] GeForce GTX 1070, 8105 MB
20250915 14:26:17 
20250915 14:26:17 WARN: DevFee 1% (kawpow)
20250915 14:26:17 
20250915 14:26:17 URL : stratum+tcp://pool.woolypooly.com:55555
20250915 14:26:17 USER: RMEysgjtWkzDV6xqc6i7taRu3FnXyPQLp3.gpu-thinker-1
20250915 14:26:17 PASS: x
20250915 14:26:17 
20250915 14:26:17 Starting on: pool.woolypooly.com:55555
20250915 14:26:18 Using protocol: stratum3.
20250915 14:26:18 Extranonce is set to: 43d1
20250915 14:26:18 Authorizing...
20250915 14:26:18 Authorized successfully.
20250915 14:26:18 WARN: ApiServer: failed to bind socket 127.0.0.1:4067 (Address already in use), next try in 5 seconds.
20250915 14:26:18 kawpow epoch: 536, block: 4021322, period: 1340440, diff: 858.98 M
20250915 14:26:18 ApiServer: HTTP server started on 127.0.0.1:4067
20250915 14:26:18 ---------------------------------------------------
20250915 14:26:18 For control navigate to: http://127.0.0.1:4067/trex
20250915 14:26:18 ---------------------------------------------------
20250915 14:26:18 GPU #0: intensity 16
