
20250915 14:25:44 T-Rex NVIDIA GPU miner v0.26.8  -  [Linux]
20250915 14:25:44 r.104788c2d052
20250915 14:25:44 
20250915 14:25:44 
20250915 14:25:44 NVIDIA Driver v535.261.03
20250915 14:25:44 
20250915 14:25:44 + GPU #0: [00:01.0|1b81] GeForce GTX 1070, 8105 MB
20250915 14:25:44 
20250915 14:25:44 WARN: DevFee 1% (kawpow)
20250915 14:25:44 
20250915 14:25:44 URL : stratum+tcp://pool.woolypooly.com:55555
20250915 14:25:44 USER: RMEysgjtWkzDV6xqc6i7taRu3FnXyPQLp3.gpu-thinker-10
20250915 14:25:44 PASS: x
20250915 14:25:44 
20250915 14:25:44 Starting on: pool.woolypooly.com:55555
20250915 14:25:44 Using protocol: stratum3.
20250915 14:25:44 Extranonce is set to: 43a3
20250915 14:25:44 Authorizing...
20250915 14:25:44 Authorized successfully.
20250915 14:25:44 kawpow epoch: 536, block: 4021322, period: 1340440, diff: 858.98 M
20250915 14:25:44 WARN: ApiServer: failed to bind socket 127.0.0.1:4067 (Address already in use), next try in 5 seconds.
20250915 14:25:44 ApiServer: HTTP server started on 127.0.0.1:4067
20250915 14:25:44 ---------------------------------------------------
20250915 14:25:44 For control navigate to: http://127.0.0.1:4067/trex
20250915 14:25:44 ---------------------------------------------------
20250915 14:25:44 GPU #0: intensity 16
20250915 14:25:48 TREX: Can't find nonce with device [ID=0, GPU #0], cuda exception: CUDA_ERROR_OUT_OF_MEMORY
20250915 14:25:48 WARN: Miner is going to shutdown...
20250915 14:25:49 Main loop finished. Cleaning up resources...
20250915 14:25:50 T-Rex finished.
20250915 14:25:51 WARN: WATCHDOG: T-Rex does not exist anymore, restarting...
20250915 14:25:51 T-Rex NVIDIA GPU miner v0.26.8  -  [Linux]
20250915 14:25:51 r.104788c2d052
20250915 14:25:51 
20250915 14:25:51 
20250915 14:25:51 NVIDIA Driver v535.261.03
20250915 14:25:51 
20250915 14:25:51 + GPU #0: [00:01.0|1b81] GeForce GTX 1070, 8105 MB
20250915 14:25:51 
20250915 14:25:51 WARN: DevFee 1% (kawpow)
20250915 14:25:51 
20250915 14:25:51 URL : stratum+tcp://pool.woolypooly.com:55555
20250915 14:25:51 USER: RMEysgjtWkzDV6xqc6i7taRu3FnXyPQLp3.gpu-thinker-10
20250915 14:25:51 PASS: x
20250915 14:25:51 
20250915 14:25:51 Starting on: pool.woolypooly.com:55555
20250915 14:25:51 Using protocol: stratum3.
20250915 14:25:51 Extranonce is set to: 43ae
20250915 14:25:51 Authorizing...
20250915 14:25:51 Authorized successfully.
20250915 14:25:52 kawpow epoch: 536, block: 4021322, period: 1340440, diff: 858.98 M
20250915 14:25:52 WARN: ApiServer: failed to bind socket 127.0.0.1:4067 (Address already in use), next try in 5 seconds.
20250915 14:25:52 ApiServer: HTTP server started on 127.0.0.1:4067
20250915 14:25:52 ---------------------------------------------------
20250915 14:25:52 For control navigate to: http://127.0.0.1:4067/trex
20250915 14:25:52 ---------------------------------------------------
20250915 14:25:52 GPU #0: intensity 16
20250915 14:25:56 TREX: Can't find nonce with device [ID=0, GPU #0], cuda exception: CUDA_ERROR_OUT_OF_MEMORY
20250915 14:25:56 WARN: Miner is going to shutdown...
20250915 14:25:57 WARN: ApiServer: failed to bind socket 127.0.0.1:4067 (Address already in use), next try in 5 seconds.
20250915 14:25:57 Main loop finished. Cleaning up resources...
20250915 14:25:58 T-Rex finished.
20250915 14:25:59 WARN: WATCHDOG: T-Rex does not exist anymore, restarting...
20250915 14:25:59 T-Rex NVIDIA GPU miner v0.26.8  -  [Linux]
20250915 14:25:59 r.104788c2d052
20250915 14:25:59 
20250915 14:25:59 
20250915 14:25:59 NVIDIA Driver v535.261.03
20250915 14:25:59 
20250915 14:25:59 + GPU #0: [00:01.0|1b81] GeForce GTX 1070, 8105 MB
20250915 14:25:59 
20250915 14:25:59 WARN: DevFee 1% (kawpow)
20250915 14:25:59 
20250915 14:25:59 URL : stratum+tcp://pool.woolypooly.com:55555
20250915 14:25:59 USER: RMEysgjtWkzDV6xqc6i7taRu3FnXyPQLp3.gpu-thinker-10
20250915 14:25:59 PASS: x
20250915 14:25:59 
20250915 14:25:59 Starting on: pool.woolypooly.com:55555
20250915 14:25:59 Using protocol: stratum3.
20250915 14:26:00 Extranonce is set to: 43b9
20250915 14:26:00 Authorizing...
20250915 14:26:00 Authorized successfully.
20250915 14:26:00 WARN: ApiServer: failed to bind socket 127.0.0.1:4067 (Address already in use), next try in 5 seconds.
20250915 14:26:00 ApiServer: HTTP server started on 127.0.0.1:4067
20250915 14:26:00 kawpow epoch: 536, block: 4021322, period: 1340440, diff: 858.98 M
20250915 14:26:00 ---------------------------------------------------
20250915 14:26:00 For control navigate to: http://127.0.0.1:4067/trex
20250915 14:26:00 ---------------------------------------------------
20250915 14:26:00 GPU #0: intensity 16
20250915 14:26:03 TREX: Can't find nonce with device [ID=0, GPU #0], cuda exception: CUDA_ERROR_OUT_OF_MEMORY
20250915 14:26:03 WARN: Miner is going to shutdown...
20250915 14:26:03 Main loop finished. Cleaning up resources...
20250915 14:26:04 T-Rex finished.
20250915 14:26:05 WARN: WATCHDOG: T-Rex does not exist anymore, restarting...
20250915 14:26:06 T-Rex NVIDIA GPU miner v0.26.8  -  [Linux]
20250915 14:26:06 r.104788c2d052
20250915 14:26:06 
20250915 14:26:06 
20250915 14:26:06 NVIDIA Driver v535.261.03
20250915 14:26:06 
20250915 14:26:06 + GPU #0: [00:01.0|1b81] GeForce GTX 1070, 8105 MB
20250915 14:26:06 
20250915 14:26:06 WARN: DevFee 1% (kawpow)
20250915 14:26:06 
20250915 14:26:06 URL : stratum+tcp://pool.woolypooly.com:55555
20250915 14:26:06 USER: RMEysgjtWkzDV6xqc6i7taRu3FnXyPQLp3.gpu-thinker-10
20250915 14:26:06 PASS: x
20250915 14:26:06 
20250915 14:26:06 Starting on: pool.woolypooly.com:55555
20250915 14:26:06 Using protocol: stratum3.
20250915 14:26:06 Extranonce is set to: 43c2
20250915 14:26:06 Authorizing...
20250915 14:26:06 Authorized successfully.
20250915 14:26:06 WARN: ApiServer: failed to bind socket 127.0.0.1:4067 (Address already in use), next try in 5 seconds.
20250915 14:26:06 ApiServer: HTTP server started on 127.0.0.1:4067
20250915 14:26:06 ---------------------------------------------------
20250915 14:26:06 For control navigate to: http://127.0.0.1:4067/trex
20250915 14:26:06 ---------------------------------------------------
20250915 14:26:06 kawpow epoch: 536, block: 4021322, period: 1340440, diff: 858.98 M
20250915 14:26:06 GPU #0: intensity 16
20250915 14:26:11 TREX: Can't find nonce with device [ID=0, GPU #0], cuda exception: CUDA_ERROR_OUT_OF_MEMORY
20250915 14:26:11 WARN: Miner is going to shutdown...
20250915 14:26:11 Main loop finished. Cleaning up resources...
20250915 14:26:12 T-Rex finished.
20250915 14:26:13 WARN: WATCHDOG: T-Rex does not exist anymore, restarting...
20250915 14:26:13 T-Rex NVIDIA GPU miner v0.26.8  -  [Linux]
20250915 14:26:13 r.104788c2d052
20250915 14:26:13 
20250915 14:26:13 
20250915 14:26:13 NVIDIA Driver v535.261.03
20250915 14:26:13 
20250915 14:26:13 + GPU #0: [00:01.0|1b81] GeForce GTX 1070, 8105 MB
20250915 14:26:13 
20250915 14:26:13 WARN: DevFee 1% (kawpow)
20250915 14:26:13 
20250915 14:26:13 URL : stratum+tcp://pool.woolypooly.com:55555
20250915 14:26:13 USER: RMEysgjtWkzDV6xqc6i7taRu3FnXyPQLp3.gpu-thinker-10
20250915 14:26:13 PASS: x
20250915 14:26:13 
20250915 14:26:13 Starting on: pool.woolypooly.com:55555
20250915 14:26:13 Using protocol: stratum3.
20250915 14:26:13 Extranonce is set to: 43cc
20250915 14:26:13 Authorizing...
20250915 14:26:13 Authorized successfully.
20250915 14:26:14 kawpow epoch: 536, block: 4021322, period: 1340440, diff: 858.98 M
20250915 14:26:14 WARN: ApiServer: failed to bind socket 127.0.0.1:4067 (Address already in use), next try in 5 seconds.
20250915 14:26:14 ApiServer: HTTP server started on 127.0.0.1:4067
20250915 14:26:14 ---------------------------------------------------
20250915 14:26:14 For control navigate to: http://127.0.0.1:4067/trex
20250915 14:26:14 ---------------------------------------------------
20250915 14:26:14 GPU #0: intensity 16
20250915 14:26:18 TREX: Can't find nonce with device [ID=0, GPU #0], cuda exception: CUDA_ERROR_OUT_OF_MEMORY
20250915 14:26:18 WARN: Miner is going to shutdown...
20250915 14:26:18 Main loop finished. Cleaning up resources...
20250915 14:26:19 T-Rex finished.
20250915 14:26:20 WARN: WATCHDOG: T-Rex does not exist anymore, restarting...
20250915 14:26:20 T-Rex NVIDIA GPU miner v0.26.8  -  [Linux]
20250915 14:26:20 r.104788c2d052
20250915 14:26:20 
20250915 14:26:20 
20250915 14:26:20 NVIDIA Driver v535.261.03
20250915 14:26:20 
20250915 14:26:20 + GPU #0: [00:01.0|1b81] GeForce GTX 1070, 8105 MB
20250915 14:26:20 
20250915 14:26:20 WARN: DevFee 1% (kawpow)
20250915 14:26:20 
20250915 14:26:20 URL : stratum+tcp://pool.woolypooly.com:55555
20250915 14:26:20 USER: RMEysgjtWkzDV6xqc6i7taRu3FnXyPQLp3.gpu-thinker-10
20250915 14:26:20 PASS: x
20250915 14:26:20 
20250915 14:26:20 Starting on: pool.woolypooly.com:55555
20250915 14:26:20 Using protocol: stratum3.
20250915 14:26:20 Extranonce is set to: 43d5
20250915 14:26:20 Authorizing...
20250915 14:26:20 Authorized successfully.
20250915 14:26:21 WARN: ApiServer: failed to bind socket 127.0.0.1:4067 (Address already in use), next try in 5 seconds.
20250915 14:26:21 ApiServer: HTTP server started on 127.0.0.1:4067
20250915 14:26:21 ---------------------------------------------------
20250915 14:26:21 For control navigate to: http://127.0.0.1:4067/trex
20250915 14:26:21 ---------------------------------------------------
20250915 14:26:21 kawpow epoch: 536, block: 4021322, period: 1340440, diff: 858.98 M
20250915 14:26:21 GPU #0: intensity 16
